<?xml version="1.0" encoding="UTF-8"?>
<testsuite xmlns:xsi="http://www.w3.org/2001/XMLSchema-instance" xsi:noNamespaceSchemaLocation="https://maven.apache.org/surefire/maven-surefire-plugin/xsd/surefire-test-report-3.0.xsd" version="3.0" name="TestSuite" time="26.129" tests="3" errors="0" skipped="0" failures="0">
  <properties>
[...]
</properties>
  <testcase name="validLoginTest" classname="org.example.tests.CrossBrowserTests" time="0.854">
    <system-out><![CDATA[Browser Started:chrome
Test Case 2
Browser Started:firefox
Test Case 1
Driver :ChromeDriver: chrome on WINDOWS (10213c76372fcd7a00845833142197f8)
Driver :FirefoxDriver: firefox on WINDOWS (4a42ab51-646e-4dbd-bca8-fd55e5294dbd)
]]></system-out>
    <system-err><![CDATA[SLF4J: Failed to load class "org.slf4j.impl.StaticLoggerBinder".
SLF4J: Defaulting to no-operation (NOP) logger implementation
SLF4J: See http://www.slf4j.org/codes.html#StaticLoggerBinder for further details.
1678463908683	geckodriver	INFO	Listening on 127.0.0.1:43807
Starting ChromeDriver 111.0.5563.64 (c710e93d5b63b7095afe8c2c17df34408078439d-refs/branch-heads/5563@{#995}) on port 27697
Only local connections are allowed.
Please see https://chromedriver.chromium.org/security-considerations for suggestions on keeping ChromeDriver safe.
ChromeDriver was started successfully.
1678463909167	mozrunner::runner	INFO	Running command: "C:\\Program Files\\Mozilla Firefox\\firefox.exe" "--marionette" "-headless" "--remote-debugging-port" "1801 ... ocalhost:1801/,http://[::1]:1801/" "-no-remote" "-profile" "C:\\Users\\SingVi04\\AppData\\Local\\Temp\\rust_mozprofileGSNIBJ"
*** You are running in headless mode.
console.error: Policies.jsm: 
  Invalid ExtensionSettings
console.warn: services.settings: Ignoring preference override of remote settings server
console.warn: services.settings: Allow by setting MOZ_REMOTE_SETTINGS_DEVTOOLS=1 in the environment
1678463909840	Marionette	INFO	Marionette enabled
Dynamically enable window occlusion 0
1678463909849	Marionette	INFO	Listening on port 49293
Read port: 49293
console.error: Policies.jsm: 
  Download failed - ERROR_NETWORK_FAILURE - file:///C:/Program Files/Snow Software/Inventory/Agent/FFCloudmetering.xpi
WebDriver BiDi listening on ws://127.0.0.1:1801
1678463910127	RemoteAgent	WARN	TLS certificate errors will be ignored for this session
[GFX1-]: RenderCompositorSWGL failed mapping default framebuffer, no dt
Mar 10, 2023 3:58:31 PM org.openqa.selenium.devtools.CdpVersionFinder findNearestMatch
WARNING: Unable to find an exact match for CDP version 111, so returning the closest version found: 109
console.warn: SearchSettings: "get: No settings file exists, new profile?" (new NotFoundError("Could not open the file at C:\\Users\\SingVi04\\AppData\\Local\\Temp\\rust_mozprofileGSNIBJ\\search.json.mozlz4", (void 0)))
console.error: Policies.jsm: 
  Installation failed - ERROR_FILE_ACCESS - {url}
console.error: ({})
DevTools listening on ws://127.0.0.1:1801/devtools/browser/3de71f3f-c4e9-4e3a-bf8d-27eabfb3624f
console.warn: LoginRecipes: "Falling back to a synchronous message for: https://opensource-demo.orangehrmlive.com."
console.warn: LoginRecipes: "Falling back to a synchronous message for: https://opensource-demo.orangehrmlive.com."
]]></system-err>
  </testcase>
  <testcase name="validLoginTest" classname="org.example.tests.CrossBrowserTests" time="2.37">
    <system-err><![CDATA[Mar 10, 2023 3:58:36 PM org.openqa.selenium.remote.http.WebSocket$Listener onError
WARNING: Connection reset
java.net.SocketException: Connection reset
	at java.base/sun.nio.ch.SocketChannelImpl.throwConnectionReset(SocketChannelImpl.java:394)
	at java.base/sun.nio.ch.SocketChannelImpl.read(SocketChannelImpl.java:426)
	at io.netty.buffer.PooledByteBuf.setBytes(PooledByteBuf.java:259)
	at io.netty.buffer.AbstractByteBuf.writeBytes(AbstractByteBuf.java:1132)
	at io.netty.channel.socket.nio.NioSocketChannel.doReadBytes(NioSocketChannel.java:357)
	at io.netty.channel.nio.AbstractNioByteChannel$NioByteUnsafe.read(AbstractNioByteChannel.java:151)
	at io.netty.channel.nio.NioEventLoop.processSelectedKey(NioEventLoop.java:788)
	at io.netty.channel.nio.NioEventLoop.processSelectedKeysOptimized(NioEventLoop.java:724)
	at io.netty.channel.nio.NioEventLoop.processSelectedKeys(NioEventLoop.java:650)
	at io.netty.channel.nio.NioEventLoop.run(NioEventLoop.java:562)
	at io.netty.util.concurrent.SingleThreadEventExecutor$4.run(SingleThreadEventExecutor.java:997)
	at io.netty.util.internal.ThreadExecutorMap$2.run(ThreadExecutorMap.java:74)
	at io.netty.util.concurrent.FastThreadLocalRunnable.run(FastThreadLocalRunnable.java:30)
	at java.base/java.lang.Thread.run(Thread.java:833)

Starting Microsoft Edge WebDriver 110.0.1587.63 (b26c9b8fc01e4ee6478cd1585db0bdec672b52a6) on port 31167
To submit feedback, report a bug, or suggest new features, please visit https://github.com/MicrosoftEdge/EdgeWebDriver

Only local connections are allowed.
Please see https://aka.ms/WebDriverSecurity for suggestions on keeping Microsoft Edge WebDriver safe.

Microsoft Edge WebDriver was started successfully.
]]></system-err>
  </testcase>
  <testcase name="validLoginTest" classname="org.example.tests.CrossBrowserTests" time="3.875">
    <system-out><![CDATA[Browser Started:edge
Test Case 3
Driver :EdgeDriver: msedge on WINDOWS (64e8924a5a457dbde10646bb0ae00700)
]]></system-out>
    <system-err><![CDATA[1678463918071	RemoteAgent	INFO	Perform WebSocket upgrade for incoming connection from 127.0.0.1:49371
1678463918076	CDP	ERROR	Invalid browser preferences for CDP. Set "fission.webContentIsolationStrategy"to 0 and "fission.bfcacheInParent" to false before Firefox starts.
1678463918087	Marionette	INFO	Stopped listening on port 49293
Dynamically enable window occlusion 1
[1678463918.948][WARNING]: virtual void DevToolsClientImpl::AddListener(DevToolsEventListener *) subscribing a listener to the already connected DevToolsClient. Connection notification will not arrive.
Mar 10, 2023 3:58:39 PM org.openqa.selenium.devtools.CdpVersionFinder findNearestMatch
WARNING: Unable to find an exact match for CDP version 110, so returning the closest version found: 109
]]></system-err>
  </testcase>
</testsuite>