<?xml version="1.0" encoding="UTF-8"?>
<testng-results ignored="0" total="3" passed="3" failed="0" skipped="0">
  <reporter-output>
  </reporter-output>
  <suite started-at="2023-03-10T15:58:26 GMT" name="Suite" finished-at="2023-03-10T15:58:51 GMT" duration-ms="24895">
    <groups>
    </groups>
    <test started-at="2023-03-10T15:58:26 GMT" name="Chrome Test" finished-at="2023-03-10T15:58:36 GMT" duration-ms="10020">
      <class name="org.example.tests.CrossBrowserTests">
        <test-method is-config="true" signature="setup(java.lang.String)[pri:0, instance:org.example.tests.CrossBrowserTests@16d04d3d]" started-at="2023-03-10T15:58:26 GMT" name="setup" finished-at="2023-03-10T15:58:34 GMT" duration-ms="7280" status="PASS">
          <params>
            <param index="0">
              <value>
                <![CDATA[chrome]]>
              </value>
            </param>
          </params>
          <reporter-output>
          </reporter-output>
        </test-method> <!-- setup -->
        <test-method signature="validLoginTest()[pri:0, instance:org.example.tests.CrossBrowserTests@16d04d3d]" started-at="2023-03-10T15:58:34 GMT" name="validLoginTest" finished-at="2023-03-10T15:58:36 GMT" duration-ms="2398" status="PASS">
          <reporter-output>
          </reporter-output>
        </test-method> <!-- validLoginTest -->
        <test-method is-config="true" signature="closeBrowser()[pri:0, instance:org.example.tests.CrossBrowserTests@16d04d3d]" started-at="2023-03-10T15:58:36 GMT" name="closeBrowser" finished-at="2023-03-10T15:58:36 GMT" duration-ms="324" status="PASS">
          <reporter-output>
          </reporter-output>
        </test-method> <!-- closeBrowser -->
      </class> <!-- org.example.tests.CrossBrowserTests -->
    </test> <!-- Chrome Test -->
    <test started-at="2023-03-10T15:58:26 GMT" name="firefox Test" finished-at="2023-03-10T15:58:40 GMT" duration-ms="13355">
      <class name="org.example.tests.CrossBrowserTests">
        <test-method is-config="true" signature="setup(java.lang.String)[pri:0, instance:org.example.tests.CrossBrowserTests@55b7a4e0]" started-at="2023-03-10T15:58:26 GMT" name="setup" finished-at="2023-03-10T15:58:35 GMT" duration-ms="8853" status="PASS">
          <params>
            <param index="0">
              <value>
                <![CDATA[firefox]]>
              </value>
            </param>
          </params>
          <reporter-output>
          </reporter-output>
        </test-method> <!-- setup -->
        <test-method signature="validLoginTest()[pri:0, instance:org.example.tests.CrossBrowserTests@55b7a4e0]" started-at="2023-03-10T15:58:35 GMT" name="validLoginTest" finished-at="2023-03-10T15:58:38 GMT" duration-ms="2371" status="PASS">
          <reporter-output>
          </reporter-output>
        </test-method> <!-- validLoginTest -->
        <test-method is-config="true" signature="closeBrowser()[pri:0, instance:org.example.tests.CrossBrowserTests@55b7a4e0]" started-at="2023-03-10T15:58:38 GMT" name="closeBrowser" finished-at="2023-03-10T15:58:40 GMT" duration-ms="2067" status="PASS">
          <reporter-output>
          </reporter-output>
        </test-method> <!-- closeBrowser -->
      </class> <!-- org.example.tests.CrossBrowserTests -->
    </test> <!-- firefox Test -->
    <test started-at="2023-03-10T15:58:36 GMT" name="Edge Test" finished-at="2023-03-10T15:58:51 GMT" duration-ms="14755">
      <class name="org.example.tests.CrossBrowserTests">
        <test-method is-config="true" signature="setup(java.lang.String)[pri:0, instance:org.example.tests.CrossBrowserTests@36902638]" started-at="2023-03-10T15:58:36 GMT" name="setup" finished-at="2023-03-10T15:58:42 GMT" duration-ms="5861" status="PASS">
          <params>
            <param index="0">
              <value>
                <![CDATA[edge]]>
              </value>
            </param>
          </params>
          <reporter-output>
          </reporter-output>
        </test-method> <!-- setup -->
        <test-method signature="validLoginTest()[pri:0, instance:org.example.tests.CrossBrowserTests@36902638]" started-at="2023-03-10T15:58:42 GMT" name="validLoginTest" finished-at="2023-03-10T15:58:46 GMT" duration-ms="3876" status="PASS">
          <reporter-output>
          </reporter-output>
        </test-method> <!-- validLoginTest -->
        <test-method is-config="true" signature="closeBrowser()[pri:0, instance:org.example.tests.CrossBrowserTests@36902638]" started-at="2023-03-10T15:58:46 GMT" name="closeBrowser" finished-at="2023-03-10T15:58:51 GMT" duration-ms="5016" status="PASS">
          <reporter-output>
          </reporter-output>
        </test-method> <!-- closeBrowser -->
      </class> <!-- org.example.tests.CrossBrowserTests -->
    </test> <!-- Edge Test -->
  </suite> <!-- Suite -->
</testng-results>
