<?xml version="1.0" encoding="UTF-8"?>
<testng-results ignored="0" total="3" passed="3" failed="0" skipped="0">
  <reporter-output>
  </reporter-output>
  <suite started-at="2023-03-10T15:56:23 GMT" name="Suite" finished-at="2023-03-10T15:56:47 GMT" duration-ms="23649">
    <groups>
    </groups>
    <test started-at="2023-03-10T15:56:23 GMT" name="Chrome Test" finished-at="2023-03-10T15:56:36 GMT" duration-ms="13356">
      <class name="org.example.tests.CrossBrowserTests">
        <test-method is-config="true" signature="setup(java.lang.String)[pri:0, instance:org.example.tests.CrossBrowserTests@4bb33f74]" started-at="2023-03-10T15:56:23 GMT" name="setup" finished-at="2023-03-10T15:56:33 GMT" duration-ms="9315" status="PASS">
          <params>
            <param index="0">
              <value>
                <![CDATA[chrome]]>
              </value>
            </param>
          </params>
          <reporter-output>
          </reporter-output>
        </test-method> <!-- setup -->
        <test-method signature="validLoginTest()[pri:0, instance:org.example.tests.CrossBrowserTests@4bb33f74]" started-at="2023-03-10T15:56:33 GMT" name="validLoginTest" finished-at="2023-03-10T15:56:35 GMT" duration-ms="2872" status="PASS">
          <reporter-output>
          </reporter-output>
        </test-method> <!-- validLoginTest -->
        <test-method is-config="true" signature="closeBrowser()[pri:0, instance:org.example.tests.CrossBrowserTests@4bb33f74]" started-at="2023-03-10T15:56:35 GMT" name="closeBrowser" finished-at="2023-03-10T15:56:36 GMT" duration-ms="1052" status="PASS">
          <reporter-output>
          </reporter-output>
        </test-method> <!-- closeBrowser -->
      </class> <!-- org.example.tests.CrossBrowserTests -->
    </test> <!-- Chrome Test -->
    <test started-at="2023-03-10T15:56:23 GMT" name="firefox Test" finished-at="2023-03-10T15:56:38 GMT" duration-ms="14855">
      <class name="org.example.tests.CrossBrowserTests">
        <test-method is-config="true" signature="setup(java.lang.String)[pri:0, instance:org.example.tests.CrossBrowserTests@5939a379]" started-at="2023-03-10T15:56:23 GMT" name="setup" finished-at="2023-03-10T15:56:34 GMT" duration-ms="10649" status="PASS">
          <params>
            <param index="0">
              <value>
                <![CDATA[firefox]]>
              </value>
            </param>
          </params>
          <reporter-output>
          </reporter-output>
        </test-method> <!-- setup -->
        <test-method signature="validLoginTest()[pri:0, instance:org.example.tests.CrossBrowserTests@5939a379]" started-at="2023-03-10T15:56:34 GMT" name="validLoginTest" finished-at="2023-03-10T15:56:36 GMT" duration-ms="2519" status="PASS">
          <reporter-output>
          </reporter-output>
        </test-method> <!-- validLoginTest -->
        <test-method is-config="true" signature="closeBrowser()[pri:0, instance:org.example.tests.CrossBrowserTests@5939a379]" started-at="2023-03-10T15:56:36 GMT" name="closeBrowser" finished-at="2023-03-10T15:56:38 GMT" duration-ms="1576" status="PASS">
          <reporter-output>
          </reporter-output>
        </test-method> <!-- closeBrowser -->
      </class> <!-- org.example.tests.CrossBrowserTests -->
    </test> <!-- firefox Test -->
    <test started-at="2023-03-10T15:56:37 GMT" name="Edge Test" finished-at="2023-03-10T15:56:47 GMT" duration-ms="10181">
      <class name="org.example.tests.CrossBrowserTests">
        <test-method is-config="true" signature="setup(java.lang.String)[pri:0, instance:org.example.tests.CrossBrowserTests@3d5c822d]" started-at="2023-03-10T15:56:37 GMT" name="setup" finished-at="2023-03-10T15:56:44 GMT" duration-ms="7363" status="PASS">
          <params>
            <param index="0">
              <value>
                <![CDATA[edge]]>
              </value>
            </param>
          </params>
          <reporter-output>
          </reporter-output>
        </test-method> <!-- setup -->
        <test-method signature="validLoginTest()[pri:0, instance:org.example.tests.CrossBrowserTests@3d5c822d]" started-at="2023-03-10T15:56:44 GMT" name="validLoginTest" finished-at="2023-03-10T15:56:46 GMT" duration-ms="1937" status="PASS">
          <reporter-output>
          </reporter-output>
        </test-method> <!-- validLoginTest -->
        <test-method is-config="true" signature="closeBrowser()[pri:0, instance:org.example.tests.CrossBrowserTests@3d5c822d]" started-at="2023-03-10T15:56:46 GMT" name="closeBrowser" finished-at="2023-03-10T15:56:47 GMT" duration-ms="861" status="PASS">
          <reporter-output>
          </reporter-output>
        </test-method> <!-- closeBrowser -->
      </class> <!-- org.example.tests.CrossBrowserTests -->
    </test> <!-- Edge Test -->
  </suite> <!-- Suite -->
</testng-results>
